# JRE version: Java(TM) SE Runtime Environment (8.0_191-b12) (build 1.8.0_191-b12)
# Java VM: Java HotSpot(TM) Client VM (25.191-b12 mixed mode windows-x86 )
Heap:
 def new generation   total 56960K, used 6578K [0x05e00000, 0x09bc0000, 0x108a0000)
  eden space 50688K,   5% used [0x05e00000, 0x060c0078, 0x08f80000)
  from space 6272K,  59% used [0x095a0000, 0x0994cb80, 0x09bc0000)
  to   space 6272K,   0% used [0x08f80000, 0x08f80000, 0x095a0000)
 tenured generation   total 126292K, used 96638K [0x108a0000, 0x183f5000, 0x25e00000)
   the space 126292K,  76% used [0x108a0000, 0x166ffaa8, 0x166ffc00, 0x183f5000)
 Metaspace       used 25568K, capacity 26129K, committed 26240K, reserved 27008K
GC Heap History (10 events):
Event: 3773.091 GC heap before
{Heap before GC invocations=40 (full 4):
 def new generation   total 56960K, used 50688K [0x05e00000, 0x09bc0000, 0x108a0000)
  eden space 50688K, 100% used [0x05e00000, 0x08f80000, 0x08f80000)
  from space 6272K,   0% used [0x08f80000, 0x08f80000, 0x095a0000)
  to   space 6272K,   0% used [0x095a0000, 0x095a0000, 0x09bc0000)
 tenured generation   total 126292K, used 75774K [0x108a0000, 0x183f5000, 0x25e00000)
   the space 126292K,  59% used [0x108a0000, 0x1529faf0, 0x1529fc00, 0x183f5000)
 Metaspace       used 25563K, capacity 26124K, committed 26240K, reserved 27008K
Event: 3773.092 GC heap after
Heap after GC invocations=41 (full 4):
 def new generation   total 56960K, used 147K [0x05e00000, 0x09bc0000, 0x108a0000)
  eden space 50688K,   0% used [0x05e00000, 0x05e00000, 0x08f80000)
  from space 6272K,   2% used [0x095a0000, 0x095c4cf8, 0x09bc0000)
  to   space 6272K,   0% used [0x08f80000, 0x08f80000, 0x095a0000)
 tenured generation   total 126292K, used 75774K [0x108a0000, 0x183f5000, 0x25e00000)
   the space 126292K,  59% used [0x108a0000, 0x1529faf0, 0x1529fc00, 0x183f5000)
 Metaspace       used 25563K, capacity 26124K, committed 26240K, reserved 27008K
}
Event: 3862.275 GC heap before
{Heap before GC invocations=41 (full 4):
 def new generation   total 56960K, used 50835K [0x05e00000, 0x09bc0000, 0x108a0000)
  eden space 50688K, 100% used [0x05e00000, 0x08f80000, 0x08f80000)
  from space 6272K,   2% used [0x095a0000, 0x095c4cf8, 0x09bc0000)
  to   space 6272K,   0% used [0x08f80000, 0x08f80000, 0x095a0000)
 tenured generation   total 126292K, used 75774K [0x108a0000, 0x183f5000, 0x25e00000)
   the space 126292K,  59% used [0x108a0000, 0x1529faf0, 0x1529fc00, 0x183f5000)
 Metaspace       used 25563K, capacity 26124K, committed 26240K, reserved 27008K
Event: 3862.278 GC heap after
Heap after GC invocations=42 (full 4):
 def new generation   total 56960K, used 742K [0x05e00000, 0x09bc0000, 0x108a0000)
  eden space 50688K,   0% used [0x05e00000, 0x05e00000, 0x08f80000)
  from space 6272K,  11% used [0x08f80000, 0x09039980, 0x095a0000)
  to   space 6272K,   0% used [0x095a0000, 0x095a0000, 0x09bc0000)
 tenured generation   total 126292K, used 75774K [0x108a0000, 0x183f5000, 0x25e00000)
   the space 126292K,  59% used [0x108a0000, 0x1529faf0, 0x1529fc00, 0x183f5000)
 Metaspace       used 25563K, capacity 26124K, committed 26240K, reserved 27008K
}
Event: 4069.041 GC heap before
{Heap before GC invocations=42 (full 4):
 def new generation   total 56960K, used 51430K [0x05e00000, 0x09bc0000, 0x108a0000)
  eden space 50688K, 100% used [0x05e00000, 0x08f80000, 0x08f80000)
  from space 6272K,  11% used [0x08f80000, 0x09039980, 0x095a0000)
  to   space 6272K,   0% used [0x095a0000, 0x095a0000, 0x09bc0000)
 tenured generation   total 126292K, used 75774K [0x108a0000, 0x183f5000, 0x25e00000)
   the space 126292K,  59% used [0x108a0000, 0x1529faf0, 0x1529fc00, 0x183f5000)
 Metaspace       used 25566K, capacity 26126K, committed 26240K, reserved 27008K
Event: 4069.043 GC heap after
Heap after GC invocations=43 (full 4):
 def new generation   total 56960K, used 1507K [0x05e00000, 0x09bc0000, 0x108a0000)
  eden space 50688K,   0% used [0x05e00000, 0x05e00000, 0x08f80000)
  from space 6272K,  24% used [0x095a0000, 0x09718c68, 0x09bc0000)
  to   space 6272K,   0% used [0x08f80000, 0x08f80000, 0x095a0000)
 tenured generation   total 126292K, used 75774K [0x108a0000, 0x183f5000, 0x25e00000)
   the space 126292K,  59% used [0x108a0000, 0x1529faf0, 0x1529fc00, 0x183f5000)
 Metaspace       used 25566K, capacity 26126K, committed 26240K, reserved 27008K
}
Event: 4153.528 GC heap before
{Heap before GC invocations=43 (full 4):
 def new generation   total 56960K, used 46471K [0x05e00000, 0x09bc0000, 0x108a0000)
  eden space 50688K,  88% used [0x05e00000, 0x089e91e8, 0x08f80000)
  from space 6272K,  24% used [0x095a0000, 0x09718c68, 0x09bc0000)
  to   space 6272K,   0% used [0x08f80000, 0x08f80000, 0x095a0000)
 tenured generation   total 126292K, used 75774K [0x108a0000, 0x183f5000, 0x25e00000)
   the space 126292K,  59% used [0x108a0000, 0x1529faf0, 0x1529fc00, 0x183f5000)
 Metaspace       used 25566K, capacity 26126K, committed 26240K, reserved 27008K
Event: 4153.532 GC heap after
Heap after GC invocations=44 (full 4):
 def new generation   total 56960K, used 1681K [0x05e00000, 0x09bc0000, 0x108a0000)
  eden space 50688K,   0% used [0x05e00000, 0x05e00000, 0x08f80000)
  from space 6272K,  26% used [0x08f80000, 0x091246c0, 0x095a0000)
  to   space 6272K,   0% used [0x095a0000, 0x095a0000, 0x09bc0000)
 tenured generation   total 126292K, used 82868K [0x108a0000, 0x183f5000, 0x25e00000)
   the space 126292K,  65% used [0x108a0000, 0x1598d298, 0x1598d400, 0x183f5000)
 Metaspace       used 25566K, capacity 26126K, committed 26240K, reserved 27008K
}
Event: 4235.425 GC heap before
{Heap before GC invocations=44 (full 4):
 def new generation   total 56960K, used 52369K [0x05e00000, 0x09bc0000, 0x108a0000)
  eden space 50688K, 100% used [0x05e00000, 0x08f80000, 0x08f80000)
  from space 6272K,  26% used [0x08f80000, 0x091246c0, 0x095a0000)
  to   space 6272K,   0% used [0x095a0000, 0x095a0000, 0x09bc0000)
 tenured generation   total 126292K, used 82868K [0x108a0000, 0x183f5000, 0x25e00000)
   the space 126292K,  65% used [0x108a0000, 0x1598d298, 0x1598d400, 0x183f5000)
 Metaspace       used 25568K, capacity 26129K, committed 26240K, reserved 27008K
Event: 4235.432 GC heap after
Heap after GC invocations=45 (full 4):
 def new generation   total 56960K, used 3762K [0x05e00000, 0x09bc0000, 0x108a0000)
  eden space 50688K,   0% used [0x05e00000, 0x05e00000, 0x08f80000)
  from space 6272K,  59% used [0x095a0000, 0x0994cb80, 0x09bc0000)
  to   space 6272K,   0% used [0x08f80000, 0x08f80000, 0x095a0000)
 tenured generation   total 126292K, used 96638K [0x108a0000, 0x183f5000, 0x25e00000)
   the space 126292K,  76% used [0x108a0000, 0x166ffaa8, 0x166ffc00, 0x183f5000)
 Metaspace       used 25568K, capacity 26129K, committed 26240K, reserved 27008K
}

